<?xml version="1.0" encoding="ISO-8859-1" ?>
<!DOCTYPE html PUBLIC "-//W3C//DTD XHTML 1.0 Strict//EN"
"http://www.w3.org/TR/xhtml1/DTD/xhtml1-strict.dtd">
<html xmlns="http://www.w3.org/1999/xhtml" xml:lang="en" lang="en">
<head>
  <meta http-equiv="Content-Type" content="text/html;charset=utf-8" />
  <meta name="description" content="TestNG unit test results." />
  <link href="css/bootstrap.min.css" rel="stylesheet" />
  <link href="css/reportngClass.css" rel="stylesheet" />
  <script type="text/javascript" src="js/reportngClass.js"></script>
  <script type="text/javascript" src="js/jquery-1.4.4.min.js"></script> 
  <script type="text/javascript" src="js/jquery.tablesorter.min.js"></script>
  <script type="text/javascript" src="js/json-min.js"></script>
  <script type="text/javascript">
	$(document).ready(function(){
		$('.tablesorter').tablesorter({sortList: [[0,0]]});
	});
  </script>
</head>
<body onload="doParse(); return false;" onkeypress="collapseExpand();">
<div class="well well-large">
	<b>Test Info</>
	<table class="table">
	  <tr>
	    <th>Test Name : </th>
	    <th>
	    	<div class="tooltipCustom">
	    		<img src="images/copy.png" width="10" height="15" alt="Copy to Clipboard" onclick="copyToClipboard('#testNameId')"/>
	    		<span class="tooltiptextCustom">Copy Test name</span>
			</div>
	    </th>
	    <th id="testNameId">report Testing</th> 
	  </tr>
	  <tr>
	    <th>Test Class : </th>
	    <th>
	    	<div class="tooltipCustom">
	    		<img src="images/copy.png" width="10" height="15" alt="Copy to Clipboard" onclick="copyToClipboard('#testClassId')"/>
	    		<span class="tooltiptextCustom">Copy full path Class name</span>
			</div>
	    	<div class="tooltipCustom">
	    		<img src="images/copy.png" width="10" height="15" alt="Copy to Clipboard" onclick="copyToClipboard('#testClassNameId')"/>
	    		<span class="tooltiptextCustom">Copy Class name</span>
			</div>
	    </th> 
	    <th id="testClassId">ui.ReportTest</th>
	    <th id="testClassNameId" hidden="true">ReportTest</th>
	  </tr>
	  <tr>
	    <th>Suite Name : </th>
	    <th>
	    	<div class="tooltipCustom">
	    		<img src="images/copy.png" width="10" height="15" alt="Copy to Clipboard" onclick="copyToClipboard('#suiteNameId')"/>
	    		<span class="tooltiptextCustom">Copy Suite name</span>
			</div>
		</th>
	    <th id="suiteNameId"> Listener test Suite</th>
	  </tr>
	  <tr>
	    <th>Suite XML : </th>
	    <th>
	    	<div class="tooltipCustom">
	    		<img src="images/copy.png" width="10" height="15" alt="Copy to Clipboard" onclick="copyToClipboard('#suiteXMLId')"/>
	    		<span class="tooltiptextCustom">Copy Suite full path name</span>
			</div>
	    	<div class="tooltipCustom">
	    		<img src="images/copy.png" width="10" height="15" alt="Copy to Clipboard" onclick="copyToClipboard('#suiteXMLNameId')"/>
	    		<span class="tooltiptextCustom">Copy Suite file name</span>
			</div>
	    </th> 
	  	<th id="suiteXMLId">C:\Users\Deelip Kokadwar\eclipse-workspace\webport\testng.xml</th>
	  	<th id="suiteXMLNameId" hidden="true">testng.xml</th>
	  </tr>
	  	  <tr>
	    <th>Total Time : </th>
	    <th></th>
	    <th>00:00:00</th> 
	  </tr>
	  <tr>
	    <th>Total Steps : </th>
	   	<th></th>
	    <th>4</th> 
	  </tr>
	  <tr>
	    <th>Status : </th>
	    <th></th>
	    <th><font color="yellow">SKIP</font></th> 
	  </tr>
	</table>
</div>
<div class="well well-large">
	<div class="row">
		<div class="col-xs-12">
	        <div class="text-right">
	            <button id="hideResults" type="button" class="btn-danger" onclick="collapseExpand(this);" onkeypress="collapseExpand(this);" class="btn pull-right" title="Click or Press Any key to collapse/expand All Failed Tests and Configuration Methods">Show Only Failures</button>
	        </div>
	    </div>
	</div>
	<table class="tablesorter" border="1">
		<thead>
		<tr>
		<th class="headerTime">Time</th>
		<th class="headerTime" width="12%">Info</th>
		<th class="headerTime" width="88%">Test</th>
		</tr>
		</thead>
		<tbody>
		
									<tr>
		<td class="time">1748094324471</td>
		<td class="header failedConfig" colspan="4" onClick="toggleElement('3031e809-79b8-49a3-a34a-5992a20fc946','block');changeSingleIcon('span-3031e809-79b8-49a3-a34a-5992a20fc946');" title="Click to expand/collapse" style="cursor: pointer;">
		<div style="float:left;"><i>Class&nbsp;:&nbsp;</i>ui.ReportTest</div>
		<div style="float:right;">@BeforeSuite &nbsp;&nbsp;<span id='span-3031e809-79b8-49a3-a34a-5992a20fc946' class="glyphicon glyphicon-menu-down"></span></div>
		</td>
	</tr>
			<tr>
		<td class="time">1748094324471</td>
		<td class="methodConfiguration">
				<span class="description"><b>Class: </b>class common.BaseTest</span><br>
		<span class="description"><b>Method: </b>launchbrowser</span><br>
				<span class="duration"><b>Duration: </b>3.195s</span><br>
		</td>
		<td class="resultConfiguration">
										<div class="stackTrace" id="3031e809-79b8-49a3-a34a-5992a20fc946">
								<a href="javascript:toggleElement('exception-3031e809-79b8-49a3-a34a-5992a20fc946','block')" title="Click to expand/collapse"><b>org.openqa.selenium.WebDriverException: Cannot find firefox binary in PATH. Make sure firefox is installed. OS appears to be: WIN10<br/>
Build info: version: &apos;4.0.0-alpha-7&apos;, revision: &apos;de8579b6d5&apos;<br/>
System info: host: &apos;TLK1800030&apos;, ip: &apos;192.168.1.15&apos;, os.name: &apos;Windows 10&apos;, os.arch: &apos;amd64&apos;, os.version: &apos;10.0&apos;, java.version: &apos;23.0.2&apos;<br/>
Driver info: driver.version: FirefoxDriver</b></a><br>
		    <div class="stackTrace" id="exception-3031e809-79b8-49a3-a34a-5992a20fc946">
							org.openqa.selenium.firefox.FirefoxBinary.&lt;init&gt;(FirefoxBinary.java:95)<br>
							java.base/java.util.Optional.orElseGet(Optional.java:364)<br>
							org.openqa.selenium.firefox.FirefoxOptions.getBinary(FirefoxOptions.java:199)<br>
							org.openqa.selenium.firefox.GeckoDriverService$Builder.withOptions(GeckoDriverService.java:180)<br>
							org.openqa.selenium.firefox.FirefoxDriver.toExecutor(FirefoxDriver.java:207)<br>
							org.openqa.selenium.firefox.FirefoxDriver.&lt;init&gt;(FirefoxDriver.java:177)<br>
							org.openqa.selenium.firefox.FirefoxDriver.&lt;init&gt;(FirefoxDriver.java:155)<br>
							common.BaseTest.launchbrowser(BaseTest.java:19)<br>
							java.base/jdk.internal.reflect.DirectMethodHandleAccessor.invoke(DirectMethodHandleAccessor.java:103)<br>
							java.base/java.lang.reflect.Method.invoke(Method.java:580)<br>
							org.testng.internal.invokers.MethodInvocationHelper.invokeMethod(MethodInvocationHelper.java:141)<br>
							org.testng.internal.invokers.MethodInvocationHelper.invokeMethodConsideringTimeout(MethodInvocationHelper.java:71)<br>
							org.testng.internal.invokers.ConfigInvoker.invokeConfigurationMethod(ConfigInvoker.java:400)<br>
							org.testng.internal.invokers.ConfigInvoker.invokeConfigurations(ConfigInvoker.java:333)<br>
							org.testng.SuiteRunner.privateRun(SuiteRunner.java:358)<br>
							org.testng.SuiteRunner.run(SuiteRunner.java:312)<br>
							org.testng.SuiteRunnerWorker.runSuite(SuiteRunnerWorker.java:52)<br>
							org.testng.SuiteRunnerWorker.run(SuiteRunnerWorker.java:95)<br>
							org.testng.TestNG.runSuitesSequentially(TestNG.java:1274)<br>
							org.testng.TestNG.runSuitesLocally(TestNG.java:1208)<br>
							org.testng.TestNG.runSuites(TestNG.java:1112)<br>
							org.testng.TestNG.run(TestNG.java:1079)<br>
							org.testng.remote.AbstractRemoteTestNG.run(AbstractRemoteTestNG.java:115)<br>
							org.testng.remote.RemoteTestNG.initAndRun(RemoteTestNG.java:293)<br>
							org.testng.remote.RemoteTestNG.main(RemoteTestNG.java:91)<br>
									</div>
				</div>
		</td>
	</tr>
						
					    				<tr>
		<td class="time">1748094327888</td>
		<td class="header skippedConfig" colspan="4" onClick="toggleElement('fb18c93a-1a28-4a74-a43a-fb9cd127d362','block');changeSingleIcon('span-fb18c93a-1a28-4a74-a43a-fb9cd127d362');" title="Click to expand/collapse">
		<div style="float:left;"><i>Class&nbsp;:&nbsp;</i>ui.ReportTest</div>
		<div style="float:right;">@AfterSuite &nbsp;&nbsp;<span id='span-fb18c93a-1a28-4a74-a43a-fb9cd127d362' class="glyphicon glyphicon-menu-down"></span></div>
		</td>
	</tr>
		<tr>
		<td class="time">1748094327888</td>
		<td class="methodConfiguration">
				<span class="description"><b>Class: </b>class common.BaseTest</span><br>
		<span class="description"><b>Method: </b>closebrowser</span><br>
				<span class="duration"><b>Duration: </b>0.000s</span><br>
		</td>
		<td class="resultConfiguration">
				 														<div class="stackTrace" id="fb18c93a-1a28-4a74-a43a-fb9cd127d362">
							</div>
		</td>
	</tr>
	    	    		
				
				
											<tr>
	<td class="time">1748094327783</td>
	<td class="header skipped" colspan="4" onClick="toggleElement('f899301b-a239-4753-b97f-15648e35c346','block');changeSingleIcon('span-f899301b-a239-4753-b97f-15648e35c346');" title="Click to expand/collapse" style="cursor: pointer;">
	<div style="float:left;"><i>Class&nbsp;:&nbsp;</i>ui.ReportTest</div>
	<div style="float:right;">@Test @ with DataProvider : [""] &nbsp;&nbsp;<span id='span-f899301b-a239-4753-b97f-15648e35c346' class="glyphicon glyphicon-menu-down"></span></div>
	</td>
	</tr>
<tr>
	<td class="time">1748094327783</td>
	<td class="methodTest">
		<span class="description"><b>Method: </b>reportertest3</span><br>
			<span class="description"><b>Description: </b></span><br>
							<span class="duration"><b>Duration: </b>0.000s</span><br>
	</td>
	<td class="result">
		 									<div class="stackTrace" id="f899301b-a239-4753-b97f-15648e35c346" style="display: block;">
												method name is - reportertest4<br>
									<a href="javascript:toggleElement('exception-f899301b-a239-4753-b97f-15648e35c346','block')" title="Click to expand/collapse"><b>org.openqa.selenium.WebDriverException: Cannot find firefox binary in PATH. Make sure firefox is installed. OS appears to be: WIN10<br/>
Build info: version: &apos;4.0.0-alpha-7&apos;, revision: &apos;de8579b6d5&apos;<br/>
System info: host: &apos;TLK1800030&apos;, ip: &apos;192.168.1.15&apos;, os.name: &apos;Windows 10&apos;, os.arch: &apos;amd64&apos;, os.version: &apos;10.0&apos;, java.version: &apos;23.0.2&apos;<br/>
Driver info: driver.version: FirefoxDriver</b></a><br/>
		<div class="stackTrace" id="exception-f899301b-a239-4753-b97f-15648e35c346">
					org.openqa.selenium.firefox.FirefoxBinary.&lt;init&gt;(FirefoxBinary.java:95)<br/>
					java.base/java.util.Optional.orElseGet(Optional.java:364)<br/>
					org.openqa.selenium.firefox.FirefoxOptions.getBinary(FirefoxOptions.java:199)<br/>
					org.openqa.selenium.firefox.GeckoDriverService$Builder.withOptions(GeckoDriverService.java:180)<br/>
					org.openqa.selenium.firefox.FirefoxDriver.toExecutor(FirefoxDriver.java:207)<br/>
					org.openqa.selenium.firefox.FirefoxDriver.&lt;init&gt;(FirefoxDriver.java:177)<br/>
					org.openqa.selenium.firefox.FirefoxDriver.&lt;init&gt;(FirefoxDriver.java:155)<br/>
					common.BaseTest.launchbrowser(BaseTest.java:19)<br/>
					java.base/jdk.internal.reflect.DirectMethodHandleAccessor.invoke(DirectMethodHandleAccessor.java:103)<br/>
					java.base/java.lang.reflect.Method.invoke(Method.java:580)<br/>
					org.testng.internal.invokers.MethodInvocationHelper.invokeMethod(MethodInvocationHelper.java:141)<br/>
					org.testng.internal.invokers.MethodInvocationHelper.invokeMethodConsideringTimeout(MethodInvocationHelper.java:71)<br/>
					org.testng.internal.invokers.ConfigInvoker.invokeConfigurationMethod(ConfigInvoker.java:400)<br/>
					org.testng.internal.invokers.ConfigInvoker.invokeConfigurations(ConfigInvoker.java:333)<br/>
					org.testng.SuiteRunner.privateRun(SuiteRunner.java:358)<br/>
					org.testng.SuiteRunner.run(SuiteRunner.java:312)<br/>
					org.testng.SuiteRunnerWorker.runSuite(SuiteRunnerWorker.java:52)<br/>
					org.testng.SuiteRunnerWorker.run(SuiteRunnerWorker.java:95)<br/>
					org.testng.TestNG.runSuitesSequentially(TestNG.java:1274)<br/>
					org.testng.TestNG.runSuitesLocally(TestNG.java:1208)<br/>
					org.testng.TestNG.runSuites(TestNG.java:1112)<br/>
					org.testng.TestNG.run(TestNG.java:1079)<br/>
					org.testng.remote.AbstractRemoteTestNG.run(AbstractRemoteTestNG.java:115)<br/>
					org.testng.remote.RemoteTestNG.initAndRun(RemoteTestNG.java:293)<br/>
					org.testng.remote.RemoteTestNG.main(RemoteTestNG.java:91)<br/>
						</div>
		</td>
	</div>
</tr>
					<tr>
	<td class="time">1748094327764</td>
	<td class="header skipped" colspan="4" onClick="toggleElement('3a3a134c-d13a-4844-993e-cc5c86b15118','block');changeSingleIcon('span-3a3a134c-d13a-4844-993e-cc5c86b15118');" title="Click to expand/collapse" style="cursor: pointer;">
	<div style="float:left;"><i>Class&nbsp;:&nbsp;</i>ui.ReportTest</div>
	<div style="float:right;">@Test @ with DataProvider : [""] &nbsp;&nbsp;<span id='span-3a3a134c-d13a-4844-993e-cc5c86b15118' class="glyphicon glyphicon-menu-down"></span></div>
	</td>
	</tr>
<tr>
	<td class="time">1748094327764</td>
	<td class="methodTest">
		<span class="description"><b>Method: </b>reportertest2</span><br>
			<span class="description"><b>Description: </b></span><br>
							<span class="duration"><b>Duration: </b>0.001s</span><br>
	</td>
	<td class="result">
		 									<div class="stackTrace" id="3a3a134c-d13a-4844-993e-cc5c86b15118" style="display: block;">
												method name is - reportertest3<br>
									<a href="javascript:toggleElement('exception-3a3a134c-d13a-4844-993e-cc5c86b15118','block')" title="Click to expand/collapse"><b>org.openqa.selenium.WebDriverException: Cannot find firefox binary in PATH. Make sure firefox is installed. OS appears to be: WIN10<br/>
Build info: version: &apos;4.0.0-alpha-7&apos;, revision: &apos;de8579b6d5&apos;<br/>
System info: host: &apos;TLK1800030&apos;, ip: &apos;192.168.1.15&apos;, os.name: &apos;Windows 10&apos;, os.arch: &apos;amd64&apos;, os.version: &apos;10.0&apos;, java.version: &apos;23.0.2&apos;<br/>
Driver info: driver.version: FirefoxDriver</b></a><br/>
		<div class="stackTrace" id="exception-3a3a134c-d13a-4844-993e-cc5c86b15118">
					org.openqa.selenium.firefox.FirefoxBinary.&lt;init&gt;(FirefoxBinary.java:95)<br/>
					java.base/java.util.Optional.orElseGet(Optional.java:364)<br/>
					org.openqa.selenium.firefox.FirefoxOptions.getBinary(FirefoxOptions.java:199)<br/>
					org.openqa.selenium.firefox.GeckoDriverService$Builder.withOptions(GeckoDriverService.java:180)<br/>
					org.openqa.selenium.firefox.FirefoxDriver.toExecutor(FirefoxDriver.java:207)<br/>
					org.openqa.selenium.firefox.FirefoxDriver.&lt;init&gt;(FirefoxDriver.java:177)<br/>
					org.openqa.selenium.firefox.FirefoxDriver.&lt;init&gt;(FirefoxDriver.java:155)<br/>
					common.BaseTest.launchbrowser(BaseTest.java:19)<br/>
					java.base/jdk.internal.reflect.DirectMethodHandleAccessor.invoke(DirectMethodHandleAccessor.java:103)<br/>
					java.base/java.lang.reflect.Method.invoke(Method.java:580)<br/>
					org.testng.internal.invokers.MethodInvocationHelper.invokeMethod(MethodInvocationHelper.java:141)<br/>
					org.testng.internal.invokers.MethodInvocationHelper.invokeMethodConsideringTimeout(MethodInvocationHelper.java:71)<br/>
					org.testng.internal.invokers.ConfigInvoker.invokeConfigurationMethod(ConfigInvoker.java:400)<br/>
					org.testng.internal.invokers.ConfigInvoker.invokeConfigurations(ConfigInvoker.java:333)<br/>
					org.testng.SuiteRunner.privateRun(SuiteRunner.java:358)<br/>
					org.testng.SuiteRunner.run(SuiteRunner.java:312)<br/>
					org.testng.SuiteRunnerWorker.runSuite(SuiteRunnerWorker.java:52)<br/>
					org.testng.SuiteRunnerWorker.run(SuiteRunnerWorker.java:95)<br/>
					org.testng.TestNG.runSuitesSequentially(TestNG.java:1274)<br/>
					org.testng.TestNG.runSuitesLocally(TestNG.java:1208)<br/>
					org.testng.TestNG.runSuites(TestNG.java:1112)<br/>
					org.testng.TestNG.run(TestNG.java:1079)<br/>
					org.testng.remote.AbstractRemoteTestNG.run(AbstractRemoteTestNG.java:115)<br/>
					org.testng.remote.RemoteTestNG.initAndRun(RemoteTestNG.java:293)<br/>
					org.testng.remote.RemoteTestNG.main(RemoteTestNG.java:91)<br/>
						</div>
		</td>
	</div>
</tr>
					<tr>
	<td class="time">1748094327794</td>
	<td class="header skipped" colspan="4" onClick="toggleElement('4eff6e55-d31d-4e8c-8f9d-df918e4577d0','block');changeSingleIcon('span-4eff6e55-d31d-4e8c-8f9d-df918e4577d0');" title="Click to expand/collapse" style="cursor: pointer;">
	<div style="float:left;"><i>Class&nbsp;:&nbsp;</i>ui.ReportTest</div>
	<div style="float:right;">@Test @ with DataProvider : [""] &nbsp;&nbsp;<span id='span-4eff6e55-d31d-4e8c-8f9d-df918e4577d0' class="glyphicon glyphicon-menu-down"></span></div>
	</td>
	</tr>
<tr>
	<td class="time">1748094327794</td>
	<td class="methodTest">
		<span class="description"><b>Method: </b>reportertest4</span><br>
			<span class="description"><b>Description: </b></span><br>
							<span class="duration"><b>Duration: </b>0.000s</span><br>
	</td>
	<td class="result">
		 									<div class="stackTrace" id="4eff6e55-d31d-4e8c-8f9d-df918e4577d0" style="display: block;">
												==============================================================================================<br>
												Total Passed: 0(+0), Failures: 0(+0), Skips: 4(+4)<br>
												==============================================================================================<br>
									<a href="javascript:toggleElement('exception-4eff6e55-d31d-4e8c-8f9d-df918e4577d0','block')" title="Click to expand/collapse"><b>org.openqa.selenium.WebDriverException: Cannot find firefox binary in PATH. Make sure firefox is installed. OS appears to be: WIN10<br/>
Build info: version: &apos;4.0.0-alpha-7&apos;, revision: &apos;de8579b6d5&apos;<br/>
System info: host: &apos;TLK1800030&apos;, ip: &apos;192.168.1.15&apos;, os.name: &apos;Windows 10&apos;, os.arch: &apos;amd64&apos;, os.version: &apos;10.0&apos;, java.version: &apos;23.0.2&apos;<br/>
Driver info: driver.version: FirefoxDriver</b></a><br/>
		<div class="stackTrace" id="exception-4eff6e55-d31d-4e8c-8f9d-df918e4577d0">
					org.openqa.selenium.firefox.FirefoxBinary.&lt;init&gt;(FirefoxBinary.java:95)<br/>
					java.base/java.util.Optional.orElseGet(Optional.java:364)<br/>
					org.openqa.selenium.firefox.FirefoxOptions.getBinary(FirefoxOptions.java:199)<br/>
					org.openqa.selenium.firefox.GeckoDriverService$Builder.withOptions(GeckoDriverService.java:180)<br/>
					org.openqa.selenium.firefox.FirefoxDriver.toExecutor(FirefoxDriver.java:207)<br/>
					org.openqa.selenium.firefox.FirefoxDriver.&lt;init&gt;(FirefoxDriver.java:177)<br/>
					org.openqa.selenium.firefox.FirefoxDriver.&lt;init&gt;(FirefoxDriver.java:155)<br/>
					common.BaseTest.launchbrowser(BaseTest.java:19)<br/>
					java.base/jdk.internal.reflect.DirectMethodHandleAccessor.invoke(DirectMethodHandleAccessor.java:103)<br/>
					java.base/java.lang.reflect.Method.invoke(Method.java:580)<br/>
					org.testng.internal.invokers.MethodInvocationHelper.invokeMethod(MethodInvocationHelper.java:141)<br/>
					org.testng.internal.invokers.MethodInvocationHelper.invokeMethodConsideringTimeout(MethodInvocationHelper.java:71)<br/>
					org.testng.internal.invokers.ConfigInvoker.invokeConfigurationMethod(ConfigInvoker.java:400)<br/>
					org.testng.internal.invokers.ConfigInvoker.invokeConfigurations(ConfigInvoker.java:333)<br/>
					org.testng.SuiteRunner.privateRun(SuiteRunner.java:358)<br/>
					org.testng.SuiteRunner.run(SuiteRunner.java:312)<br/>
					org.testng.SuiteRunnerWorker.runSuite(SuiteRunnerWorker.java:52)<br/>
					org.testng.SuiteRunnerWorker.run(SuiteRunnerWorker.java:95)<br/>
					org.testng.TestNG.runSuitesSequentially(TestNG.java:1274)<br/>
					org.testng.TestNG.runSuitesLocally(TestNG.java:1208)<br/>
					org.testng.TestNG.runSuites(TestNG.java:1112)<br/>
					org.testng.TestNG.run(TestNG.java:1079)<br/>
					org.testng.remote.AbstractRemoteTestNG.run(AbstractRemoteTestNG.java:115)<br/>
					org.testng.remote.RemoteTestNG.initAndRun(RemoteTestNG.java:293)<br/>
					org.testng.remote.RemoteTestNG.main(RemoteTestNG.java:91)<br/>
						</div>
		</td>
	</div>
</tr>
					<tr>
	<td class="time">1748094327751</td>
	<td class="header skipped" colspan="4" onClick="toggleElement('844c6048-6d5c-4380-aa1a-17138f85c19a','block');changeSingleIcon('span-844c6048-6d5c-4380-aa1a-17138f85c19a');" title="Click to expand/collapse" style="cursor: pointer;">
	<div style="float:left;"><i>Class&nbsp;:&nbsp;</i>ui.ReportTest</div>
	<div style="float:right;">@Test @ with DataProvider : [""] &nbsp;&nbsp;<span id='span-844c6048-6d5c-4380-aa1a-17138f85c19a' class="glyphicon glyphicon-menu-down"></span></div>
	</td>
	</tr>
<tr>
	<td class="time">1748094327751</td>
	<td class="methodTest">
		<span class="description"><b>Method: </b>reportertest1</span><br>
			<span class="description"><b>Description: </b></span><br>
							<span class="duration"><b>Duration: </b>0.000s</span><br>
	</td>
	<td class="result">
		 									<div class="stackTrace" id="844c6048-6d5c-4380-aa1a-17138f85c19a" style="display: block;">
												method name is - reportertest2<br>
									<a href="javascript:toggleElement('exception-844c6048-6d5c-4380-aa1a-17138f85c19a','block')" title="Click to expand/collapse"><b>org.openqa.selenium.WebDriverException: Cannot find firefox binary in PATH. Make sure firefox is installed. OS appears to be: WIN10<br/>
Build info: version: &apos;4.0.0-alpha-7&apos;, revision: &apos;de8579b6d5&apos;<br/>
System info: host: &apos;TLK1800030&apos;, ip: &apos;192.168.1.15&apos;, os.name: &apos;Windows 10&apos;, os.arch: &apos;amd64&apos;, os.version: &apos;10.0&apos;, java.version: &apos;23.0.2&apos;<br/>
Driver info: driver.version: FirefoxDriver</b></a><br/>
		<div class="stackTrace" id="exception-844c6048-6d5c-4380-aa1a-17138f85c19a">
					org.openqa.selenium.firefox.FirefoxBinary.&lt;init&gt;(FirefoxBinary.java:95)<br/>
					java.base/java.util.Optional.orElseGet(Optional.java:364)<br/>
					org.openqa.selenium.firefox.FirefoxOptions.getBinary(FirefoxOptions.java:199)<br/>
					org.openqa.selenium.firefox.GeckoDriverService$Builder.withOptions(GeckoDriverService.java:180)<br/>
					org.openqa.selenium.firefox.FirefoxDriver.toExecutor(FirefoxDriver.java:207)<br/>
					org.openqa.selenium.firefox.FirefoxDriver.&lt;init&gt;(FirefoxDriver.java:177)<br/>
					org.openqa.selenium.firefox.FirefoxDriver.&lt;init&gt;(FirefoxDriver.java:155)<br/>
					common.BaseTest.launchbrowser(BaseTest.java:19)<br/>
					java.base/jdk.internal.reflect.DirectMethodHandleAccessor.invoke(DirectMethodHandleAccessor.java:103)<br/>
					java.base/java.lang.reflect.Method.invoke(Method.java:580)<br/>
					org.testng.internal.invokers.MethodInvocationHelper.invokeMethod(MethodInvocationHelper.java:141)<br/>
					org.testng.internal.invokers.MethodInvocationHelper.invokeMethodConsideringTimeout(MethodInvocationHelper.java:71)<br/>
					org.testng.internal.invokers.ConfigInvoker.invokeConfigurationMethod(ConfigInvoker.java:400)<br/>
					org.testng.internal.invokers.ConfigInvoker.invokeConfigurations(ConfigInvoker.java:333)<br/>
					org.testng.SuiteRunner.privateRun(SuiteRunner.java:358)<br/>
					org.testng.SuiteRunner.run(SuiteRunner.java:312)<br/>
					org.testng.SuiteRunnerWorker.runSuite(SuiteRunnerWorker.java:52)<br/>
					org.testng.SuiteRunnerWorker.run(SuiteRunnerWorker.java:95)<br/>
					org.testng.TestNG.runSuitesSequentially(TestNG.java:1274)<br/>
					org.testng.TestNG.runSuitesLocally(TestNG.java:1208)<br/>
					org.testng.TestNG.runSuites(TestNG.java:1112)<br/>
					org.testng.TestNG.run(TestNG.java:1079)<br/>
					org.testng.remote.AbstractRemoteTestNG.run(AbstractRemoteTestNG.java:115)<br/>
					org.testng.remote.RemoteTestNG.initAndRun(RemoteTestNG.java:293)<br/>
					org.testng.remote.RemoteTestNG.main(RemoteTestNG.java:91)<br/>
						</div>
		</td>
	</div>
</tr>
						
			  
	</tbody>
	</table>
</div>
</body>
</html>
